<html>
<head>
<title>TestNG:  Test</title>
<link href="../testng.css" rel="stylesheet" type="text/css" />
<link href="../my-testng.css" rel="stylesheet" type="text/css" />

<style type="text/css">
.log { display: none;} 
.stack-trace { display: none;} 
</style>
<script type="text/javascript">
<!--
function flip(e) {
  current = e.style.display;
  if (current == 'block') {
    e.style.display = 'none';
    return 0;
  }
  else {
    e.style.display = 'block';
    return 1;
  }
}

function toggleBox(szDivId, elem, msg1, msg2)
{
  var res = -1;  if (document.getElementById) {
    res = flip(document.getElementById(szDivId));
  }
  else if (document.all) {
    // this is the way old msie versions work
    res = flip(document.all[szDivId]);
  }
  if(elem) {
    if(res == 0) elem.innerHTML = msg1; else elem.innerHTML = msg2;
  }

}

function toggleAllBoxes() {
  if (document.getElementsByTagName) {
    d = document.getElementsByTagName('div');
    for (i = 0; i < d.length; i++) {
      if (d[i].className == 'log') {
        flip(d[i]);
      }
    }
  }
}

// -->
</script>

</head>
<body>
<h2 align='center'>Test</h2><table border='1' align="center">
<tr>
<td>Tests passed/Failed/Skipped:</td><td>11/2/0</td>
</tr><tr>
<td>Started on:</td><td>Wed Jul 26 15:39:51 IST 2023</td>
</tr>
<tr><td>Total time:</td><td>533 seconds (533056 ms)</td>
</tr><tr>
<td>Included groups:</td><td></td>
</tr><tr>
<td>Excluded groups:</td><td></td>
</tr>
</table><p/>
<small><i>(Hover the method name to see the test class name)</i></small><p/>
<table width='100%' border='1' class='invocation-failed'>
<tr><td colspan='4' align='center'><b>FAILED TESTS</b></td></tr>
<tr><td><b>Test method</b></td>
<td width="30%"><b>Exception</b></td>
<td width="10%"><b>Time (seconds)</b></td>
<td><b>Instance</b></td>
</tr>
<tr>
<td title='com.myrestructure.testcases.HistoricalViewPageTest.verifyhistoricalviewTest()'><b>verifyhistoricalviewTest</b><br>Test class: com.myrestructure.testcases.HistoricalViewPageTest</td>
<td><div><pre>java.lang.AssertionError: expected [true] but found [false]
	at com.myrestructure.testcases.HistoricalViewPageTest.verifyhistoricalviewTest(HistoricalViewPageTest.java:42)
	at java.base/java.util.ArrayList.forEach(ArrayList.java:1511)
... Removed 29 stack frames</pre></div><a href='#' onClick='toggleBox("stack-trace22006205", this, "Click to show all stack frames", "Click to hide stack frames")'>Click to show all stack frames</a>
<div class='stack-trace' id='stack-trace22006205'><pre>java.lang.AssertionError: expected [true] but found [false]
	at org.testng.Assert.fail(Assert.java:99)
	at org.testng.Assert.failNotEquals(Assert.java:1037)
	at org.testng.Assert.assertTrue(Assert.java:45)
	at org.testng.Assert.assertTrue(Assert.java:55)
	at com.myrestructure.testcases.HistoricalViewPageTest.verifyhistoricalviewTest(HistoricalViewPageTest.java:42)
	at java.base/jdk.internal.reflect.DirectMethodHandleAccessor.invoke(DirectMethodHandleAccessor.java:104)
	at java.base/java.lang.reflect.Method.invoke(Method.java:577)
	at org.testng.internal.MethodInvocationHelper.invokeMethod(MethodInvocationHelper.java:133)
	at org.testng.internal.TestInvoker.invokeMethod(TestInvoker.java:598)
	at org.testng.internal.TestInvoker.invokeTestMethod(TestInvoker.java:173)
	at org.testng.internal.MethodRunner.runInSequence(MethodRunner.java:46)
	at org.testng.internal.TestInvoker$MethodInvocationAgent.invoke(TestInvoker.java:824)
	at org.testng.internal.TestInvoker.invokeTestMethods(TestInvoker.java:146)
	at org.testng.internal.TestMethodWorker.invokeTestMethods(TestMethodWorker.java:146)
	at org.testng.internal.TestMethodWorker.run(TestMethodWorker.java:128)
	at java.base/java.util.ArrayList.forEach(ArrayList.java:1511)
	at org.testng.TestRunner.privateRun(TestRunner.java:794)
	at org.testng.TestRunner.run(TestRunner.java:596)
	at org.testng.SuiteRunner.runTest(SuiteRunner.java:377)
	at org.testng.SuiteRunner.runSequentially(SuiteRunner.java:371)
	at org.testng.SuiteRunner.privateRun(SuiteRunner.java:332)
	at org.testng.SuiteRunner.run(SuiteRunner.java:276)
	at org.testng.SuiteRunnerWorker.runSuite(SuiteRunnerWorker.java:53)
	at org.testng.SuiteRunnerWorker.run(SuiteRunnerWorker.java:96)
	at org.testng.TestNG.runSuitesSequentially(TestNG.java:1212)
	at org.testng.TestNG.runSuitesLocally(TestNG.java:1134)
	at org.testng.TestNG.runSuites(TestNG.java:1063)
	at org.testng.TestNG.run(TestNG.java:1031)
	at org.testng.remote.AbstractRemoteTestNG.run(AbstractRemoteTestNG.java:115)
	at org.testng.remote.RemoteTestNG.initAndRun(RemoteTestNG.java:251)
	at org.testng.remote.RemoteTestNG.main(RemoteTestNG.java:77)
</pre></div></td>
<td>64</td>
<td>com.myrestructure.testcases.HistoricalViewPageTest@65b3f4a4</td></tr>
<tr>
<td title='com.myrestructure.testcases.AddLcdDiffParameterPageTest.createLcdDiffTest()'><b>createLcdDiffTest</b><br>Test class: com.myrestructure.testcases.AddLcdDiffParameterPageTest<br>Parameters: {DeviceType=EMA, ParameterName=kVA (Demand)}</td>
<td><div><pre>org.openqa.selenium.WebDriverException: element not interactable
  (Session info: chrome=115.0.5790.110)
  (Driver info: chromedriver=114.0.5735.90 (386bc09e8f4f2e025eddae123f36f6263096ae49-refs/branch-heads/5735@{#1052}),platform=Windows NT 10.0.19045 x86_64) (WARNING: The server did not provide any stacktrace information)
Command duration or timeout: 97 milliseconds
Build info: version: &apos;2.53.1&apos;, revision: &apos;a36b8b1cd5757287168e54b817830adce9b0158d&apos;, time: &apos;2016-06-30 19:26:09&apos;
System info: host: &apos;DESKTOP-SQCVE4P&apos;, ip: &apos;192.168.0.104&apos;, os.name: &apos;Windows 10&apos;, os.arch: &apos;amd64&apos;, os.version: &apos;10.0&apos;, java.version: &apos;18.0.2.1&apos;
Driver info: org.openqa.selenium.chrome.ChromeDriver
Capabilities [{mobileEmulationEnabled=false, timeouts={implicit=0, pageLoad=300000, script=30000}, hasTouchScreen=false, platform=XP, acceptSslCerts=false, goog:chromeOptions={debuggerAddress=localhost:57709}, webauthn:extension:credBlob=true, acceptInsecureCerts=false, webStorageEnabled=true, browserName=chrome, takesScreenshot=true, javascriptEnabled=true, setWindowRect=true, webauthn:extension:largeBlob=true, unexpectedAlertBehaviour=ignore, rotatable=false, networkConnectionEnabled=false, chrome={chromedriverVersion=114.0.5735.90 (386bc09e8f4f2e025eddae123f36f6263096ae49-refs/branch-heads/5735@{#1052}), userDataDir=C:\Users\AKSHAY~1\AppData\Local\Temp\scoped_dir14456_1122848577}, takesHeapSnapshot=true, pageLoadStrategy=normal, strictFileInteractability=false, databaseEnabled=false, handlesAlerts=true, version=115.0.5790.110, browserConnectionEnabled=false, proxy={}, nativeEvents=true, webauthn:extension:minPinLength=true, webauthn:extension:prf=true, locationContextEnabled=true, cssSelectorsEnabled=true, webauthn:virtualAuthenticators=true}]
Session ID: d2015c616f640c6cb24472a3f0ac4ad4
	at org.openqa.selenium.remote.ErrorHandler.createThrowable(ErrorHandler.java:206)
	at org.openqa.selenium.remote.ErrorHandler.throwIfResponseFailed(ErrorHandler.java:158)
	at org.openqa.selenium.remote.RemoteWebDriver.execute(RemoteWebDriver.java:678)
	at org.openqa.selenium.remote.RemoteWebElement.execute(RemoteWebElement.java:327)
	at org.openqa.selenium.remote.RemoteWebElement.sendKeys(RemoteWebElement.java:122)
	at com.myrestructure.testcases.AddLcdDiffParameterPageTest.createLcdDiffTest(AddLcdDiffParameterPageTest.java:66)
	at java.base/java.util.ArrayList.forEach(ArrayList.java:1511)
... Removed 28 stack frames</pre></div><a href='#' onClick='toggleBox("stack-trace990994954", this, "Click to show all stack frames", "Click to hide stack frames")'>Click to show all stack frames</a>
<div class='stack-trace' id='stack-trace990994954'><pre>org.openqa.selenium.WebDriverException: element not interactable
  (Session info: chrome=115.0.5790.110)
  (Driver info: chromedriver=114.0.5735.90 (386bc09e8f4f2e025eddae123f36f6263096ae49-refs/branch-heads/5735@{#1052}),platform=Windows NT 10.0.19045 x86_64) (WARNING: The server did not provide any stacktrace information)
Command duration or timeout: 97 milliseconds
Build info: version: &apos;2.53.1&apos;, revision: &apos;a36b8b1cd5757287168e54b817830adce9b0158d&apos;, time: &apos;2016-06-30 19:26:09&apos;
System info: host: &apos;DESKTOP-SQCVE4P&apos;, ip: &apos;192.168.0.104&apos;, os.name: &apos;Windows 10&apos;, os.arch: &apos;amd64&apos;, os.version: &apos;10.0&apos;, java.version: &apos;18.0.2.1&apos;
Driver info: org.openqa.selenium.chrome.ChromeDriver
Capabilities [{mobileEmulationEnabled=false, timeouts={implicit=0, pageLoad=300000, script=30000}, hasTouchScreen=false, platform=XP, acceptSslCerts=false, goog:chromeOptions={debuggerAddress=localhost:57709}, webauthn:extension:credBlob=true, acceptInsecureCerts=false, webStorageEnabled=true, browserName=chrome, takesScreenshot=true, javascriptEnabled=true, setWindowRect=true, webauthn:extension:largeBlob=true, unexpectedAlertBehaviour=ignore, rotatable=false, networkConnectionEnabled=false, chrome={chromedriverVersion=114.0.5735.90 (386bc09e8f4f2e025eddae123f36f6263096ae49-refs/branch-heads/5735@{#1052}), userDataDir=C:\Users\AKSHAY~1\AppData\Local\Temp\scoped_dir14456_1122848577}, takesHeapSnapshot=true, pageLoadStrategy=normal, strictFileInteractability=false, databaseEnabled=false, handlesAlerts=true, version=115.0.5790.110, browserConnectionEnabled=false, proxy={}, nativeEvents=true, webauthn:extension:minPinLength=true, webauthn:extension:prf=true, locationContextEnabled=true, cssSelectorsEnabled=true, webauthn:virtualAuthenticators=true}]
Session ID: d2015c616f640c6cb24472a3f0ac4ad4
	at java.base/jdk.internal.reflect.DirectConstructorHandleAccessor.newInstance(DirectConstructorHandleAccessor.java:67)
	at java.base/java.lang.reflect.Constructor.newInstanceWithCaller(Constructor.java:499)
	at java.base/java.lang.reflect.Constructor.newInstance(Constructor.java:483)
	at org.openqa.selenium.remote.ErrorHandler.createThrowable(ErrorHandler.java:206)
	at org.openqa.selenium.remote.ErrorHandler.throwIfResponseFailed(ErrorHandler.java:158)
	at org.openqa.selenium.remote.RemoteWebDriver.execute(RemoteWebDriver.java:678)
	at org.openqa.selenium.remote.RemoteWebElement.execute(RemoteWebElement.java:327)
	at org.openqa.selenium.remote.RemoteWebElement.sendKeys(RemoteWebElement.java:122)
	at com.myrestructure.testcases.AddLcdDiffParameterPageTest.createLcdDiffTest(AddLcdDiffParameterPageTest.java:66)
	at java.base/jdk.internal.reflect.DirectMethodHandleAccessor.invoke(DirectMethodHandleAccessor.java:104)
	at java.base/java.lang.reflect.Method.invoke(Method.java:577)
	at org.testng.internal.MethodInvocationHelper.invokeMethod(MethodInvocationHelper.java:133)
	at org.testng.internal.TestInvoker.invokeMethod(TestInvoker.java:598)
	at org.testng.internal.TestInvoker.invokeTestMethod(TestInvoker.java:173)
	at org.testng.internal.MethodRunner.runInSequence(MethodRunner.java:46)
	at org.testng.internal.TestInvoker$MethodInvocationAgent.invoke(TestInvoker.java:824)
	at org.testng.internal.TestInvoker.invokeTestMethods(TestInvoker.java:146)
	at org.testng.internal.TestMethodWorker.invokeTestMethods(TestMethodWorker.java:146)
	at org.testng.internal.TestMethodWorker.run(TestMethodWorker.java:128)
	at java.base/java.util.ArrayList.forEach(ArrayList.java:1511)
	at org.testng.TestRunner.privateRun(TestRunner.java:794)
	at org.testng.TestRunner.run(TestRunner.java:596)
	at org.testng.SuiteRunner.runTest(SuiteRunner.java:377)
	at org.testng.SuiteRunner.runSequentially(SuiteRunner.java:371)
	at org.testng.SuiteRunner.privateRun(SuiteRunner.java:332)
	at org.testng.SuiteRunner.run(SuiteRunner.java:276)
	at org.testng.SuiteRunnerWorker.runSuite(SuiteRunnerWorker.java:53)
	at org.testng.SuiteRunnerWorker.run(SuiteRunnerWorker.java:96)
	at org.testng.TestNG.runSuitesSequentially(TestNG.java:1212)
	at org.testng.TestNG.runSuitesLocally(TestNG.java:1134)
	at org.testng.TestNG.runSuites(TestNG.java:1063)
	at org.testng.TestNG.run(TestNG.java:1031)
	at org.testng.remote.AbstractRemoteTestNG.run(AbstractRemoteTestNG.java:115)
	at org.testng.remote.RemoteTestNG.initAndRun(RemoteTestNG.java:251)
	at org.testng.remote.RemoteTestNG.main(RemoteTestNG.java:77)
</pre></div></td>
<td>7</td>
<td>com.myrestructure.testcases.AddLcdDiffParameterPageTest@f2ff811</td></tr>
</table><p>
<table width='100%' border='1' class='invocation-passed'>
<tr><td colspan='4' align='center'><b>PASSED TESTS</b></td></tr>
<tr><td><b>Test method</b></td>
<td width="30%"><b>Exception</b></td>
<td width="10%"><b>Time (seconds)</b></td>
<td><b>Instance</b></td>
</tr>
<tr>
<td title='com.myrestructure.testcases.DashboardPageTest.verifyLogo()'><b>verifyLogo</b><br>Test class: com.myrestructure.testcases.DashboardPageTest</td>
<td></td>
<td>5</td>
<td>com.myrestructure.testcases.DashboardPageTest@740773a3</td></tr>
<tr>
<td title='com.myrestructure.testcases.LoginPageTest.loginTest()'><b>loginTest</b><br>Test class: com.myrestructure.testcases.LoginPageTest<br>Parameters: support@uniklinger.com, %%$0PGR7N68kOD$Yt%%</td>
<td></td>
<td>5</td>
<td>com.myrestructure.testcases.LoginPageTest@1018bde2</td></tr>
<tr>
<td title='com.myrestructure.testcases.GaugeViewPageTest.verifygaugeviewTest()'><b>verifygaugeviewTest</b><br>Test class: com.myrestructure.testcases.GaugeViewPageTest</td>
<td></td>
<td>7</td>
<td>com.myrestructure.testcases.GaugeViewPageTest@3f56875e</td></tr>
<tr>
<td title='com.myrestructure.testcases.AddGroupPageTest.addGroupTest()'><b>addGroupTest</b><br>Test class: com.myrestructure.testcases.AddGroupPageTest<br>Parameters: {DeviceType=EMA, MeterName=Super Mill}</td>
<td></td>
<td>37</td>
<td>com.myrestructure.testcases.AddGroupPageTest@37f1104d</td></tr>
<tr>
<td title='com.myrestructure.testcases.AddUsersPageTest.createUserTest()'><b>createUserTest</b><br>Test class: com.myrestructure.testcases.AddUsersPageTest<br>Parameters: {EmailId=dhanashreebhosale@elliotsystems.com, PhoneNumber=9890761554, LastName=Bhosale, FirstName=Dhanashree, Password=ShreeGanesh@123!}</td>
<td></td>
<td>9</td>
<td>com.myrestructure.testcases.AddUsersPageTest@568ff82</td></tr>
<tr>
<td title='com.myrestructure.testcases.DashboardPageTest.verifylogoutTest()'><b>verifylogoutTest</b><br>Test class: com.myrestructure.testcases.DashboardPageTest</td>
<td></td>
<td>10</td>
<td>com.myrestructure.testcases.DashboardPageTest@740773a3</td></tr>
<tr>
<td title='com.myrestructure.testcases.AddGraphGroupPageTest.createGraphTest()'><b>createGraphTest</b><br>Test class: com.myrestructure.testcases.AddGraphGroupPageTest<br>Parameters: {DeviceType=EMA, ParameterName=V R-Y,V Y-B,V B-R, MeterName=Scrap Granulator}</td>
<td></td>
<td>78</td>
<td>com.myrestructure.testcases.AddGraphGroupPageTest@60015ef5</td></tr>
<tr>
<td title='com.myrestructure.testcases.DashboardPageTest.verifyTitle()'><b>verifyTitle</b><br>Test class: com.myrestructure.testcases.DashboardPageTest</td>
<td></td>
<td>3</td>
<td>com.myrestructure.testcases.DashboardPageTest@740773a3</td></tr>
<tr>
<td title='com.myrestructure.testcases.AddAlertThresholdPageTest.createThresholdTest()'><b>createThresholdTest</b><br>Test class: com.myrestructure.testcases.AddAlertThresholdPageTest<br>Parameters: {DeviceType=EMA, ParameterName=Avg PF, MeterName=SLR Control Panel}</td>
<td></td>
<td>44</td>
<td>com.myrestructure.testcases.AddAlertThresholdPageTest@55740540</td></tr>
<tr>
<td title='com.myrestructure.testcases.DashboardPageTest.companyNameTest()'><b>companyNameTest</b><br>Test class: com.myrestructure.testcases.DashboardPageTest</td>
<td></td>
<td>5</td>
<td>com.myrestructure.testcases.DashboardPageTest@740773a3</td></tr>
<tr>
<td title='com.myrestructure.testcases.AddLcdParameterPageTest.createLcdParameterTest()'><b>createLcdParameterTest</b><br>Test class: com.myrestructure.testcases.AddLcdParameterPageTest<br>Parameters: {DeviceType=FMA, ParameterName=Totalizer}</td>
<td></td>
<td>41</td>
<td>com.myrestructure.testcases.AddLcdParameterPageTest@2f54a33d</td></tr>
</table><p>
</body>
</html>